2011/12/27 11:07:26 [error] [exception.CHttpException.403] exception 'CHttpException' with message 'You are not allowed to access this page.' in /var/www/html/cory/yii/framework/gii/GiiModule.php:163
Stack trace:
#0 /var/www/html/cory/yii/framework/web/CController.php(255): GiiModule->beforeControllerAction(Object(DefaultController), Object(CInlineAction))
#1 /var/www/html/cory/yii/framework/web/CWebApplication.php(277): CController->run('')
#2 /var/www/html/cory/yii/framework/web/CWebApplication.php(136): CWebApplication->runController('gii')
#3 /var/www/html/cory/yii/framework/base/CApplication.php(158): CWebApplication->processRequest()
#4 /var/www/html/cory/index.php(13): CApplication->run()
#5 {main} REQUEST_URI=/index.php?r=gii
2011/12/27 11:07:53 [error] [exception.CHttpException.403] exception 'CHttpException' with message 'You are not allowed to access this page.' in /var/www/html/cory/yii/framework/gii/GiiModule.php:163
Stack trace:
#0 /var/www/html/cory/yii/framework/web/CController.php(255): GiiModule->beforeControllerAction(Object(DefaultController), Object(CInlineAction))
#1 /var/www/html/cory/yii/framework/web/CWebApplication.php(277): CController->run('')
#2 /var/www/html/cory/yii/framework/web/CWebApplication.php(136): CWebApplication->runController('gii')
#3 /var/www/html/cory/yii/framework/base/CApplication.php(158): CWebApplication->processRequest()
#4 /var/www/html/cory/index.php(13): CApplication->run()
#5 {main} REQUEST_URI=/index.php?r=gii
2011/12/27 11:07:58 [error] [exception.CHttpException.403] exception 'CHttpException' with message 'You are not allowed to access this page.' in /var/www/html/cory/yii/framework/gii/GiiModule.php:163
Stack trace:
#0 /var/www/html/cory/yii/framework/web/CController.php(255): GiiModule->beforeControllerAction(Object(DefaultController), Object(CInlineAction))
#1 /var/www/html/cory/yii/framework/web/CWebApplication.php(277): CController->run('')
#2 /var/www/html/cory/yii/framework/web/CWebApplication.php(136): CWebApplication->runController('gii')
#3 /var/www/html/cory/yii/framework/base/CApplication.php(158): CWebApplication->processRequest()
#4 /var/www/html/cory/index.php(13): CApplication->run()
#5 {main} REQUEST_URI=/index.php?r=gii
2011/12/27 20:38:19 [error] [exception.CHttpException.403] exception 'CHttpException' with message 'You are not allowed to access this page.' in /var/www/html/cory/yii/framework/gii/GiiModule.php:163
Stack trace:
#0 /var/www/html/cory/yii/framework/web/CController.php(255): GiiModule->beforeControllerAction(Object(DefaultController), Object(CInlineAction))
#1 /var/www/html/cory/yii/framework/web/CWebApplication.php(277): CController->run('')
#2 /var/www/html/cory/yii/framework/web/CWebApplication.php(136): CWebApplication->runController('gii')
#3 /var/www/html/cory/yii/framework/base/CApplication.php(158): CWebApplication->processRequest()
#4 /var/www/html/cory/index.php(13): CApplication->run()
#5 {main} REQUEST_URI=/index.php?r=gii
2011/12/28 21:26:14 [error] [exception.CHttpException.404] exception 'CHttpException' with message 'Unable to resolve the request "user".' in /var/www/html/cory/yii/framework/web/CWebApplication.php:281
Stack trace:
#0 /var/www/html/cory/yii/framework/web/CWebApplication.php(136): CWebApplication->runController('user')
#1 /var/www/html/cory/yii/framework/base/CApplication.php(158): CWebApplication->processRequest()
#2 /var/www/html/cory/index.php(13): CApplication->run()
#3 {main} REQUEST_URI=/index.php?r=user
2011/12/28 21:26:45 [error] [exception.CHttpException.404] exception 'CHttpException' with message 'Unable to resolve the request "user".' in /var/www/html/cory/yii/framework/web/CWebApplication.php:281
Stack trace:
#0 /var/www/html/cory/yii/framework/web/CWebApplication.php(136): CWebApplication->runController('user')
#1 /var/www/html/cory/yii/framework/base/CApplication.php(158): CWebApplication->processRequest()
#2 /var/www/html/cory/index.php(13): CApplication->run()
#3 {main} REQUEST_URI=/index.php?r=user
2011/12/28 22:39:48 [error] [exception.CException] exception 'CException' with message 'beforeShowDay is not a valid option' in /var/www/html/cory/protected/extensions/jui/EJqueryUiWidget.php:265
Stack trace:
#0 /var/www/html/cory/protected/extensions/jui/EJqueryUiWidget.php(149): EJqueryUiWidget::checkOptions(Array, Array)
#1 /var/www/html/cory/yii/framework/base/CComponent.php(153): EJqueryUiWidget->setOptions(Array)
#2 /var/www/html/cory/yii/framework/web/CWidgetFactory.php(162): CComponent->__set('options', Array)
#3 /var/www/html/cory/yii/framework/web/CBaseController.php(139): CWidgetFactory->createWidget(Object(SiteController), 'application.ext...', Array)
#4 /var/www/html/cory/yii/framework/web/CBaseController.php(165): CBaseController->createWidget('application.ext...', Array)
#5 /var/www/html/cory/protected/views/layouts/main.php(34): CBaseController->widget('application.ext...', Array)
#6 /var/www/html/cory/yii/framework/web/CBaseController.php(119): require('/var/www/html/c...')
#7 /var/www/html/cory/yii/framework/web/CBaseController.php(88): CBaseController->renderInternal('/var/www/html/c...', Array, true)
#8 /var/www/html/cory/yii/framework/web/widgets/CContentDecorator.php(78): CBaseController->renderFile('/var/www/html/c...', Array, true)
#9 /var/www/html/cory/yii/framework/web/widgets/CContentDecorator.php(56): CContentDecorator->decorate('<div class="con...')
#10 /var/www/html/cory/yii/framework/web/widgets/COutputProcessor.php(45): CContentDecorator->processOutput('<div class="con...')
#11 /var/www/html/cory/yii/framework/web/CBaseController.php(199): COutputProcessor->run()
#12 /var/www/html/cory/yii/framework/web/CBaseController.php(294): CBaseController->endWidget('CContentDecorat...')
#13 /var/www/html/cory/protected/views/layouts/column1.php(7): CBaseController->endContent()
#14 /var/www/html/cory/yii/framework/web/CBaseController.php(119): require('/var/www/html/c...')
#15 /var/www/html/cory/yii/framework/web/CBaseController.php(88): CBaseController->renderInternal('/var/www/html/c...', Array, true)
#16 /var/www/html/cory/yii/framework/web/CController.php(781): CBaseController->renderFile('/var/www/html/c...', Array, true)
#17 /var/www/html/cory/yii/framework/web/actions/CViewAction.php(138): CController->render('pages/about')
#18 /var/www/html/cory/yii/framework/web/actions/CAction.php(72): CViewAction->run()
#19 /var/www/html/cory/yii/framework/web/CController.php(300): CAction->runWithParams(Array)
#20 /var/www/html/cory/yii/framework/web/CController.php(278): CController->runAction(Object(CViewAction))
#21 /var/www/html/cory/yii/framework/web/CController.php(257): CController->runActionWithFilters(Object(CViewAction), Array)
#22 /var/www/html/cory/yii/framework/web/CWebApplication.php(277): CController->run('page')
#23 /var/www/html/cory/yii/framework/web/CWebApplication.php(136): CWebApplication->runController('site/page')
#24 /var/www/html/cory/yii/framework/base/CApplication.php(158): CWebApplication->processRequest()
#25 /var/www/html/cory/index.php(13): CApplication->run()
#26 {main} REQUEST_URI=/index.php?r=site/page&view=about
2011/12/28 22:41:02 [error] [exception.CException] exception 'CException' with message 'theme must be one of: base, black-tie, blitzer, cupertino, dot-luv, excite-bike, hot-sneaks, humanity, mint-choc, redmond, smoothness, south-street, start, swanky-purse, trontastic, ui-darkness, ui-lightness, vader' in /var/www/html/cory/protected/extensions/jui/EJqueryUiConfig.php:169
Stack trace:
#0 /var/www/html/cory/protected/extensions/jui/EJqueryUiWidget.php(197): EJqueryUiConfig->setTheme('dotluv')
#1 /var/www/html/cory/yii/framework/base/CComponent.php(153): EJqueryUiWidget->setTheme('dotluv')
#2 /var/www/html/cory/yii/framework/web/CWidgetFactory.php(162): CComponent->__set('theme', 'dotluv')
#3 /var/www/html/cory/yii/framework/web/CBaseController.php(139): CWidgetFactory->createWidget(Object(SiteController), 'application.ext...', Array)
#4 /var/www/html/cory/yii/framework/web/CBaseController.php(165): CBaseController->createWidget('application.ext...', Array)
#5 /var/www/html/cory/protected/views/layouts/main.php(34): CBaseController->widget('application.ext...', Array)
#6 /var/www/html/cory/yii/framework/web/CBaseController.php(119): require('/var/www/html/c...')
#7 /var/www/html/cory/yii/framework/web/CBaseController.php(88): CBaseController->renderInternal('/var/www/html/c...', Array, true)
#8 /var/www/html/cory/yii/framework/web/widgets/CContentDecorator.php(78): CBaseController->renderFile('/var/www/html/c...', Array, true)
#9 /var/www/html/cory/yii/framework/web/widgets/CContentDecorator.php(56): CContentDecorator->decorate('<div class="con...')
#10 /var/www/html/cory/yii/framework/web/widgets/COutputProcessor.php(45): CContentDecorator->processOutput('<div class="con...')
#11 /var/www/html/cory/yii/framework/web/CBaseController.php(199): COutputProcessor->run()
#12 /var/www/html/cory/yii/framework/web/CBaseController.php(294): CBaseController->endWidget('CContentDecorat...')
#13 /var/www/html/cory/protected/views/layouts/column1.php(7): CBaseController->endContent()
#14 /var/www/html/cory/yii/framework/web/CBaseController.php(119): require('/var/www/html/c...')
#15 /var/www/html/cory/yii/framework/web/CBaseController.php(88): CBaseController->renderInternal('/var/www/html/c...', Array, true)
#16 /var/www/html/cory/yii/framework/web/CController.php(781): CBaseController->renderFile('/var/www/html/c...', Array, true)
#17 /var/www/html/cory/yii/framework/web/actions/CViewAction.php(138): CController->render('pages/about')
#18 /var/www/html/cory/yii/framework/web/actions/CAction.php(72): CViewAction->run()
#19 /var/www/html/cory/yii/framework/web/CController.php(300): CAction->runWithParams(Array)
#20 /var/www/html/cory/yii/framework/web/CController.php(278): CController->runAction(Object(CViewAction))
#21 /var/www/html/cory/yii/framework/web/CController.php(257): CController->runActionWithFilters(Object(CViewAction), Array)
#22 /var/www/html/cory/yii/framework/web/CWebApplication.php(277): CController->run('page')
#23 /var/www/html/cory/yii/framework/web/CWebApplication.php(136): CWebApplication->runController('site/page')
#24 /var/www/html/cory/yii/framework/base/CApplication.php(158): CWebApplication->processRequest()
#25 /var/www/html/cory/index.php(13): CApplication->run()
#26 {main} REQUEST_URI=/index.php?r=site/page&view=about
